<?xml version="1.0" encoding="UTF-8"?>
<robot generator="Robot 4.0.1 (Python 3.9.4 on win32)" generated="20210426 14:20:04.516" rpa="false" schemaversion="2">
<suite id="s1" name="Amazon" source="C:\Users\seant\OneDrive\Documents\ProgrammingProjects\PythonPractice\LL_RobotFrameworkLevel1\Tests\amazon.robot">
<test id="s1-t1" name="User must sign in to check out">
<kw name="Open Browser" library="SeleniumLibrary">
<arg>http://www.amazon.com</arg>
<arg>chrome</arg>
<doc>Opens a new browser instance to the optional ``url``.</doc>
<msg timestamp="20210426 14:20:04.745" level="INFO">Opening browser 'chrome' to base url 'http://www.amazon.com'.</msg>
<status status="PASS" starttime="20210426 14:20:04.744" endtime="20210426 14:20:07.037"/>
</kw>
<kw name="Wait Until Page Contains" library="SeleniumLibrary">
<arg>Today's Deals</arg>
<doc>Waits until ``text`` appears on the current page.</doc>
<status status="PASS" starttime="20210426 14:20:07.038" endtime="20210426 14:20:07.056"/>
</kw>
<kw name="Input Text" library="SeleniumLibrary">
<arg>id=twotabsearchtextbox</arg>
<arg>Ferrari 458</arg>
<doc>Types the given ``text`` into the text field identified by ``locator``.</doc>
<msg timestamp="20210426 14:20:07.057" level="INFO">Typing text 'Ferrari 458' into text field 'id=twotabsearchtextbox'.</msg>
<status status="PASS" starttime="20210426 14:20:07.056" endtime="20210426 14:20:07.195"/>
</kw>
<kw name="Click Button" library="SeleniumLibrary">
<arg>id=nav-search-submit-button</arg>
<doc>Clicks the button identified by ``locator``.</doc>
<msg timestamp="20210426 14:20:07.196" level="INFO">Clicking button 'id=nav-search-submit-button'.</msg>
<status status="PASS" starttime="20210426 14:20:07.196" endtime="20210426 14:20:08.797"/>
</kw>
<kw name="Wait Until Page Contains" library="SeleniumLibrary">
<arg>results for "Ferrari 458"</arg>
<doc>Waits until ``text`` appears on the current page.</doc>
<status status="PASS" starttime="20210426 14:20:08.797" endtime="20210426 14:20:08.834"/>
</kw>
<kw name="Click Link" library="SeleniumLibrary">
<arg>xpath=/html/body/div[1]/div[2]/div[1]/div/div[1]/div/span[3]/div[2]/div[2]/div/span/div/div/div[2]/h2/a</arg>
<doc>Clicks a link identified by ``locator``.</doc>
<msg timestamp="20210426 14:20:08.834" level="INFO">Clicking link 'xpath=/html/body/div[1]/div[2]/div[1]/div/div[1]/div/span[3]/div[2]/div[2]/div/span/div/div/div[2]/h2/a'.</msg>
<status status="PASS" starttime="20210426 14:20:08.834" endtime="20210426 14:20:10.926"/>
</kw>
<kw name="Wait Until Page Contains" library="SeleniumLibrary">
<arg>Back to results</arg>
<doc>Waits until ``text`` appears on the current page.</doc>
<status status="PASS" starttime="20210426 14:20:10.927" endtime="20210426 14:20:11.005"/>
</kw>
<kw name="Click Button" library="SeleniumLibrary">
<arg>id=add-to-cart-button</arg>
<doc>Clicks the button identified by ``locator``.</doc>
<msg timestamp="20210426 14:20:11.006" level="INFO">Clicking button 'id=add-to-cart-button'.</msg>
<status status="PASS" starttime="20210426 14:20:11.006" endtime="20210426 14:20:11.944"/>
</kw>
<kw name="Wait Until Page Contains" library="SeleniumLibrary">
<arg>Added to Cart</arg>
<doc>Waits until ``text`` appears on the current page.</doc>
<status status="PASS" starttime="20210426 14:20:11.944" endtime="20210426 14:20:11.986"/>
</kw>
<kw name="Click Button" library="SeleniumLibrary">
<arg>xpath=/html/body/div[1]/div/div[3]/div[2]/div[1]/div/div/div[4]/div/div/div/span[2]/span/a</arg>
<doc>Clicks the button identified by ``locator``.</doc>
<msg timestamp="20210426 14:20:11.987" level="INFO">Clicking button 'xpath=/html/body/div[1]/div/div[3]/div[2]/div[1]/div/div/div[4]/div/div/div/span[2]/span/a'.</msg>
<kw name="Capture Page Screenshot" library="SeleniumLibrary">
<doc>Takes a screenshot of the current page and embeds it into a log file.</doc>
<msg timestamp="20210426 14:20:12.194" level="INFO" html="true">&lt;/td&gt;&lt;/tr&gt;&lt;tr&gt;&lt;td colspan="3"&gt;&lt;a href="selenium-screenshot-5.png"&gt;&lt;img src="selenium-screenshot-5.png" width="800px"&gt;&lt;/a&gt;</msg>
<status status="PASS" starttime="20210426 14:20:12.009" endtime="20210426 14:20:12.194"/>
</kw>
<msg timestamp="20210426 14:20:12.197" level="FAIL">Button with locator 'xpath=/html/body/div[1]/div/div[3]/div[2]/div[1]/div/div/div[4]/div/div/div/span[2]/span/a' not found.</msg>
<status status="FAIL" starttime="20210426 14:20:11.987" endtime="20210426 14:20:12.197"/>
</kw>
<kw name="Page Should Contain" library="SeleniumLibrary">
<arg>ap_signin1a_pagelet_title</arg>
<doc>Verifies that current page contains ``text``.</doc>
<status status="NOT RUN" starttime="20210426 14:20:12.197" endtime="20210426 14:20:12.197"/>
</kw>
<kw name="Element Text Should Be" library="SeleniumLibrary">
<arg>ap_signin1a_pagelet_title Sign input text</arg>
<doc>Verifies that element ``locator`` contains exact the text ``expected``.</doc>
<status status="NOT RUN" starttime="20210426 14:20:12.197" endtime="20210426 14:20:12.197"/>
</kw>
<kw name="Close Browser" library="SeleniumLibrary">
<doc>Closes the current browser.</doc>
<status status="NOT RUN" starttime="20210426 14:20:12.198" endtime="20210426 14:20:12.198"/>
</kw>
<doc>amazon test</doc>
<tag>Smoke</tag>
<status status="FAIL" starttime="20210426 14:20:04.743" endtime="20210426 14:20:12.198">Button with locator 'xpath=/html/body/div[1]/div/div[3]/div[2]/div[1]/div/div/div[4]/div/div/div/span[2]/span/a' not found.</status>
</test>
<doc>Test suite to implement Amazon checkout feature.</doc>
<status status="FAIL" starttime="20210426 14:20:04.518" endtime="20210426 14:20:12.200"/>
</suite>
<statistics>
<total>
<stat pass="0" fail="1" skip="0">All Tests</stat>
</total>
<tag>
<stat pass="0" fail="1" skip="0">Smoke</stat>
</tag>
<suite>
<stat pass="0" fail="1" skip="0" id="s1" name="Amazon">Amazon</stat>
</suite>
</statistics>
<errors>
</errors>
</robot>
